This is pdfTeX, Version 3.14159265-2.6-1.40.20 (MiKTeX 2.9.7250 64-bit) (preloaded format=pdflatex 2019.11.26)  7 DEC 2020 20:36
entering extended mode
**./relatorio_fase2.tex
(relatorio_fase2.tex
LaTeX2e <2019-10-01> patch level 3
("C:\Users\david\AppData\Local\Programs\MiKTeX 2.9\tex/latex/base\report.cls"
Document Class: report 2019/10/25 v1.4k Standard LaTeX document class
("C:\Users\david\AppData\Local\Programs\MiKTeX 2.9\tex/latex/base\size12.clo"
File: size12.clo 2019/10/25 v1.4k Standard LaTeX file (size option)
)
\c@part=\count80
\c@chapter=\count81
\c@section=\count82
\c@subsection=\count83
\c@subsubsection=\count84
\c@paragraph=\count85
\c@subparagraph=\count86
\c@figure=\count87
\c@table=\count88
\abovecaptionskip=\skip41
\belowcaptionskip=\skip42
\bibindent=\dimen102
) ("C:\Users\david\AppData\Local\Programs\MiKTeX 2.9\tex/generic/babel\babel.st
y"
Package: babel 2019/11/14 3.36 The Babel package

("C:\Users\david\AppData\Local\Programs\MiKTeX 2.9\tex/generic/babel\switch.def
"
File: switch.def 2019/11/14 3.36 Babel switching mechanism
)
*************************************
* Local config file bblopts.cfg used
*
("C:\Users\david\AppData\Local\Programs\MiKTeX 2.9\tex/latex/arabi\bblopts.cfg"
File: bblopts.cfg 2005/09/08 v0.1 add Arabic and Farsi to "declared" options of
 babel
)
("C:\Users\david\AppData\Local\Programs\MiKTeX 2.9\tex/latex/babel-portuges\por
tuges.ldf"
Language: portuges 2008/03/18 v1.2q Portuguese support from the babel system

("C:\Users\david\AppData\Local\Programs\MiKTeX 2.9\tex/generic/babel\babel.def"
File: babel.def 2019/11/14 3.36 Babel common definitions
\babel@savecnt=\count89
\U@D=\dimen103

("C:\Users\david\AppData\Local\Programs\MiKTeX 2.9\tex/generic/babel\txtbabel.d
ef")
\bbl@dirlevel=\count90
)
Package babel Info: Making " an active character on input line 145.
))
("C:\Users\david\AppData\Local\Programs\MiKTeX 2.9\tex/latex/tools\indentfirst.
sty"
Package: indentfirst 1995/11/23 v1.03 Indent first paragraph (DPC)
)
("C:\Users\david\AppData\Local\Programs\MiKTeX 2.9\tex/latex/base\fontenc.sty"
Package: fontenc 2018/08/11 v2.0j Standard LaTeX package

("C:\Users\david\AppData\Local\Programs\MiKTeX 2.9\tex/latex/base\t1enc.def"
File: t1enc.def 2018/08/11 v2.0j Standard LaTeX file
LaTeX Font Info:    Redeclaring font encoding T1 on input line 48.
))
("C:\Users\david\AppData\Local\Programs\MiKTeX 2.9\tex/latex/base\inputenc.sty"
Package: inputenc 2018/08/11 v1.3c Input encoding file
\inpenc@prehook=\toks14
\inpenc@posthook=\toks15
)
("C:\Users\david\AppData\Local\Programs\MiKTeX 2.9\tex/latex/csquotes\csquotes.
sty"
Package: csquotes 2019-11-15 v5.2h context-sensitive quotations (JAW)

("C:\Users\david\AppData\Local\Programs\MiKTeX 2.9\tex/latex/etoolbox\etoolbox.
sty"
Package: etoolbox 2019/09/21 v2.5h e-TeX tools for LaTeX (JAW)
\etb@tempcnta=\count91
)
("C:\Users\david\AppData\Local\Programs\MiKTeX 2.9\tex/latex/graphics\keyval.st
y"
Package: keyval 2014/10/28 v1.15 key=value parser (DPC)
\KV@toks@=\toks16
)
\csq@reset=\count92
\csq@gtype=\count93
\csq@glevel=\count94
\csq@qlevel=\count95
\csq@maxlvl=\count96
\csq@tshold=\count97
\csq@ltx@everypar=\toks17

("C:\Users\david\AppData\Local\Programs\MiKTeX 2.9\tex/latex/csquotes\csquotes.
def"
File: csquotes.def 2019-11-15 v5.2h csquotes generic definitions (JAW)
)
Package csquotes Info: Trying to load configuration file 'csquotes.cfg'...
Package csquotes Info: ... configuration file loaded successfully.

("C:\Users\david\AppData\Local\Programs\MiKTeX 2.9\tex/latex/csquotes\csquotes.
cfg"
File: csquotes.cfg 
))
("C:\Users\david\AppData\Local\Programs\MiKTeX 2.9\tex/latex/tools\array.sty"
Package: array 2019/08/31 v2.4l Tabular extension package (FMi)
\col@sep=\dimen104
\ar@mcellbox=\box27
\extrarowheight=\dimen105
\NC@list=\toks18
\extratabsurround=\skip43
\backup@length=\skip44
\ar@cellbox=\box28
)
("C:\Users\david\AppData\Local\Programs\MiKTeX 2.9\tex/latex/caption\caption.st
y"
Package: caption 2019/10/18 v3.4a Customizing captions (AR)

("C:\Users\david\AppData\Local\Programs\MiKTeX 2.9\tex/latex/caption\caption3.s
ty"
Package: caption3 2019/09/09 v1.8e caption3 kernel (AR)
Package caption3 Info: TeX engine: e-TeX on input line 64.
\captionmargin=\dimen106
\captionmargin@=\dimen107
\captionwidth=\dimen108
\caption@tempdima=\dimen109
\caption@indent=\dimen110
\caption@parindent=\dimen111
\caption@hangindent=\dimen112
Package caption Info: Standard document class detected.
)
\c@caption@flags=\count98
\c@continuedfloat=\count99
)
("C:\Users\david\AppData\Local\Programs\MiKTeX 2.9\tex/latex/graphics\graphicx.
sty"
Package: graphicx 2017/06/01 v1.1a Enhanced LaTeX Graphics (DPC,SPQR)

("C:\Users\david\AppData\Local\Programs\MiKTeX 2.9\tex/latex/graphics\graphics.
sty"
Package: graphics 2019/11/01 v1.3d Standard LaTeX Graphics (DPC,SPQR)

("C:\Users\david\AppData\Local\Programs\MiKTeX 2.9\tex/latex/graphics\trig.sty"
Package: trig 2016/01/03 v1.10 sin cos tan (DPC)
)
("C:\Users\david\AppData\Local\Programs\MiKTeX 2.9\tex/latex/graphics-cfg\graph
ics.cfg"
File: graphics.cfg 2016/06/04 v1.11 sample graphics configuration
)
Package graphics Info: Driver file: pdftex.def on input line 105.

("C:\Users\david\AppData\Local\Programs\MiKTeX 2.9\tex/latex/graphics-def\pdfte
x.def"
File: pdftex.def 2018/01/08 v1.0l Graphics/color driver for pdftex
))
\Gin@req@height=\dimen113
\Gin@req@width=\dimen114
)
("C:\Users\david\AppData\Local\Programs\MiKTeX 2.9\tex/latex/float\float.sty"
Package: float 2001/11/08 v1.3d Float enhancements (AL)
\c@float@type=\count100
\float@exts=\toks19
\float@box=\box29
\@float@everytoks=\toks20
\@floatcapt=\box30
)
("C:\Users\david\AppData\Local\Programs\MiKTeX 2.9\tex/latex/graphics\color.sty
"
Package: color 2016/07/10 v1.1e Standard LaTeX Color (DPC)

("C:\Users\david\AppData\Local\Programs\MiKTeX 2.9\tex/latex/graphics-cfg\color
.cfg"
File: color.cfg 2016/01/02 v1.6 sample color configuration
)
Package color Info: Driver file: pdftex.def on input line 147.
)
("C:\Users\david\AppData\Local\Programs\MiKTeX 2.9\tex/latex/colortbl\colortbl.
sty"
Package: colortbl 2018/12/12 v1.0d Color table columns (DPC)
\everycr=\toks21
\minrowclearance=\skip45
)
("C:\Users\david\AppData\Local\Programs\MiKTeX 2.9\tex/latex/titlesec\titlesec.
sty"
Package: titlesec 2019/10/16 v2.13 Sectioning titles
\ttl@box=\box31
\beforetitleunit=\skip46
\aftertitleunit=\skip47
\ttl@plus=\dimen115
\ttl@minus=\dimen116
\ttl@toksa=\toks22
\titlewidth=\dimen117
\titlewidthlast=\dimen118
\titlewidthfirst=\dimen119
)
("C:\Users\david\AppData\Local\Programs\MiKTeX 2.9\tex/latex/tools\longtable.st
y"
Package: longtable 2019/02/06 v4.12 Multi-page Table package (DPC)
\LTleft=\skip48
\LTright=\skip49
\LTpre=\skip50
\LTpost=\skip51
\LTchunksize=\count101
\LTcapwidth=\dimen120
\LT@head=\box32
\LT@firsthead=\box33
\LT@foot=\box34
\LT@lastfoot=\box35
\LT@cols=\count102
\LT@rows=\count103
\c@LT@tables=\count104
\c@LT@chunks=\count105
\LT@p@ftn=\toks23
)
("C:\Users\david\AppData\Local\Programs\MiKTeX 2.9\tex/latex/pdfpages\pdfpages.
sty"
Package: pdfpages 2019/12/17 v0.5p Insert pages of external PDF documents (AM)

("C:\Users\david\AppData\Local\Programs\MiKTeX 2.9\tex/latex/base\ifthen.sty"
Package: ifthen 2014/09/29 v1.1c Standard LaTeX ifthen package (DPC)
)
("C:\Users\david\AppData\Local\Programs\MiKTeX 2.9\tex/latex/tools\calc.sty"
Package: calc 2017/05/25 v4.3 Infix arithmetic (KKT,FJ)
\calc@Acount=\count106
\calc@Bcount=\count107
\calc@Adimen=\dimen121
\calc@Bdimen=\dimen122
\calc@Askip=\skip52
\calc@Bskip=\skip53
LaTeX Info: Redefining \setlength on input line 80.
LaTeX Info: Redefining \addtolength on input line 81.
\calc@Ccount=\count108
\calc@Cskip=\skip54
)
("C:\Users\david\AppData\Local\Programs\MiKTeX 2.9\tex/latex/eso-pic\eso-pic.st
y"
Package: eso-pic 2018/04/12 v2.0h eso-pic (RN)

("C:\Users\david\AppData\Local\Programs\MiKTeX 2.9\tex/generic/oberdiek\atbegsh
i.sty"
Package: atbegshi 2016/06/09 v1.18 At begin shipout hook (HO)

("C:\Users\david\AppData\Local\Programs\MiKTeX 2.9\tex/generic/oberdiek\infware
rr.sty"
Package: infwarerr 2016/05/16 v1.4 Providing info/warning/error messages (HO)
)
("C:\Users\david\AppData\Local\Programs\MiKTeX 2.9\tex/generic/oberdiek\ltxcmds
.sty"
Package: ltxcmds 2016/05/16 v1.23 LaTeX kernel commands for general use (HO)
)
("C:\Users\david\AppData\Local\Programs\MiKTeX 2.9\tex/generic/iftex\ifpdf.sty"
Package: ifpdf 2019/10/25 v3.4 ifpdf legacy package. Use iftex instead.
("C:\Users\david\AppData\Local\Programs\MiKTeX 2.9\tex/generic/iftex\iftex.sty"
Package: iftex 2019/11/07 v1.0c TeX engine tests
))))
\AM@pagewidth=\dimen123
\AM@pageheight=\dimen124

("C:\Users\david\AppData\Local\Programs\MiKTeX 2.9\tex/latex/pdfpages\pppdftex.
def"
File: pppdftex.def 2019/12/17 v0.5p Pdfpages driver for pdfTeX (AM)
)
\AM@pagebox=\box36
\AM@global@opts=\toks24
\AM@toc@title=\toks25
\c@AM@survey=\count109
\AM@templatesizebox=\box37
)
("C:\Users\david\AppData\Local\Programs\MiKTeX 2.9\tex/latex/tools\tabularx.sty
"
Package: tabularx 2016/02/03 v2.11b `tabularx' package (DPC)
\TX@col@width=\dimen125
\TX@old@table=\dimen126
\TX@old@col=\dimen127
\TX@target=\dimen128
\TX@delta=\dimen129
\TX@cols=\count110
\TX@ftn=\toks26
) ("C:\Users\david\AppData\Local\Programs\MiKTeX 2.9\tex/latex/soul\soul.sty"
Package: soul 2003/11/17 v2.4 letterspacing/underlining (mf)
\SOUL@word=\toks27
\SOUL@lasttoken=\toks28
\SOUL@cmds=\toks29
\SOUL@buffer=\toks30
\SOUL@token=\toks31
\SOUL@spaceskip=\skip55
\SOUL@ttwidth=\dimen130
\SOUL@uldp=\dimen131
\SOUL@ulht=\dimen132
)
("C:\Users\david\AppData\Local\Programs\MiKTeX 2.9\tex/latex/dashundergaps\dash
undergaps.sty"
("C:\Users\david\AppData\Local\Programs\MiKTeX 2.9\tex/latex/ulem\ulem.sty"
\UL@box=\box38
\UL@hyphenbox=\box39
\UL@skip=\skip56
\UL@hook=\toks32
\UL@height=\dimen133
\UL@pe=\count111
\UL@pixel=\dimen134
\ULC@box=\box40
Package: ulem 2019/11/18
\ULdepth=\dimen135
)
("C:\Users\david\AppData\Local\Programs\MiKTeX 2.9\tex/latex/l3packages/xparse\
xparse.sty"
("C:\Users\david\AppData\Local\Programs\MiKTeX 2.9\tex/latex/l3kernel\expl3.sty
"
Package: expl3 2019-11-07 L3 programming layer (loader) 

("C:\Users\david\AppData\Local\Programs\MiKTeX 2.9\tex/latex/l3kernel\expl3-cod
e.tex"
Package: expl3 2019-11-07 L3 programming layer (code)
\c_max_int=\count112
\l_tmpa_int=\count113
\l_tmpb_int=\count114
\g_tmpa_int=\count115
\g_tmpb_int=\count116
\l__seq_internal_a_int=\count117
\l__seq_internal_b_int=\count118
\g__kernel_prg_map_int=\count119
\c__ior_term_noprompt_ior=\count120
\c_log_iow=\count121
\l_iow_line_count_int=\count122
\l__iow_line_target_int=\count123
\l__iow_one_indent_int=\count124
\l__iow_indent_int=\count125
\c_zero_dim=\dimen136
\c_max_dim=\dimen137
\l_tmpa_dim=\dimen138
\l_tmpb_dim=\dimen139
\g_tmpa_dim=\dimen140
\g_tmpb_dim=\dimen141
\c_zero_skip=\skip57
\c_max_skip=\skip58
\l_tmpa_skip=\skip59
\l_tmpb_skip=\skip60
\g_tmpa_skip=\skip61
\g_tmpb_skip=\skip62
\c_zero_muskip=\muskip10
\c_max_muskip=\muskip11
\l_tmpa_muskip=\muskip12
\l_tmpb_muskip=\muskip13
\g_tmpa_muskip=\muskip14
\g_tmpb_muskip=\muskip15
\l_keys_choice_int=\count126
\l__intarray_loop_int=\count127
\c__intarray_sp_dim=\dimen142
\g__intarray_font_int=\count128
\c__fp_leading_shift_int=\count129
\c__fp_middle_shift_int=\count130
\c__fp_trailing_shift_int=\count131
\c__fp_big_leading_shift_int=\count132
\c__fp_big_middle_shift_int=\count133
\c__fp_big_trailing_shift_int=\count134
\c__fp_Bigg_leading_shift_int=\count135
\c__fp_Bigg_middle_shift_int=\count136
\c__fp_Bigg_trailing_shift_int=\count137
\c__kernel_randint_max_int=\count138
\g__fp_array_int=\count139
\l__fp_array_loop_int=\count140
\l__sort_length_int=\count141
\l__sort_min_int=\count142
\l__sort_top_int=\count143
\l__sort_max_int=\count144
\l__sort_true_max_int=\count145
\l__sort_block_int=\count146
\l__sort_begin_int=\count147
\l__sort_end_int=\count148
\l__sort_A_int=\count149
\l__sort_B_int=\count150
\l__sort_C_int=\count151
\l__str_internal_int=\count152
\c__str_replacement_char_int=\count153
\l__tl_analysis_normal_int=\count154
\l__tl_analysis_index_int=\count155
\l__tl_analysis_nesting_int=\count156
\l__tl_analysis_type_int=\count157
\l__regex_internal_a_int=\count158
\l__regex_internal_b_int=\count159
\l__regex_internal_c_int=\count160
\l__regex_balance_int=\count161
\l__regex_group_level_int=\count162
\l__regex_mode_int=\count163
\c__regex_cs_in_class_mode_int=\count164
\c__regex_cs_mode_int=\count165
\l__regex_catcodes_int=\count166
\l__regex_default_catcodes_int=\count167
\c__regex_catcode_D_int=\count168
\c__regex_catcode_S_int=\count169
\c__regex_catcode_L_int=\count170
\c__regex_catcode_O_int=\count171
\c__regex_catcode_A_int=\count172
\c__regex_all_catcodes_int=\count173
\l__regex_show_lines_int=\count174
\l__regex_min_state_int=\count175
\l__regex_max_state_int=\count176
\l__regex_left_state_int=\count177
\l__regex_right_state_int=\count178
\l__regex_capturing_group_int=\count179
\l__regex_min_pos_int=\count180
\l__regex_max_pos_int=\count181
\l__regex_curr_pos_int=\count182
\l__regex_start_pos_int=\count183
\l__regex_success_pos_int=\count184
\l__regex_curr_char_int=\count185
\l__regex_curr_catcode_int=\count186
\l__regex_last_char_int=\count187
\l__regex_case_changed_char_int=\count188
\l__regex_curr_state_int=\count189
\l__regex_step_int=\count190
\l__regex_min_active_int=\count191
\l__regex_max_active_int=\count192
\l__regex_replacement_csnames_int=\count193
\l__regex_match_count_int=\count194
\l__regex_min_submatch_int=\count195
\l__regex_submatch_int=\count196
\l__regex_zeroth_submatch_int=\count197
\g__regex_trace_regex_int=\count198
\c_empty_box=\box41
\l_tmpa_box=\box42
\l_tmpb_box=\box43
\g_tmpa_box=\box44
\g_tmpb_box=\box45
\l__box_top_dim=\dimen143
\l__box_bottom_dim=\dimen144
\l__box_left_dim=\dimen145
\l__box_right_dim=\dimen146
\l__box_top_new_dim=\dimen147
\l__box_bottom_new_dim=\dimen148
\l__box_left_new_dim=\dimen149
\l__box_right_new_dim=\dimen150
\l__box_internal_box=\box46
\l__coffin_internal_box=\box47
\l__coffin_internal_dim=\dimen151
\l__coffin_offset_x_dim=\dimen152
\l__coffin_offset_y_dim=\dimen153
\l__coffin_x_dim=\dimen154
\l__coffin_y_dim=\dimen155
\l__coffin_x_prime_dim=\dimen156
\l__coffin_y_prime_dim=\dimen157
\c_empty_coffin=\box48
\l__coffin_aligned_coffin=\box49
\l__coffin_aligned_internal_coffin=\box50
\l_tmpa_coffin=\box51
\l_tmpb_coffin=\box52
\g_tmpa_coffin=\box53
\g_tmpb_coffin=\box54
\l__coffin_bounding_shift_dim=\dimen158
\l__coffin_left_corner_dim=\dimen159
\l__coffin_right_corner_dim=\dimen160
\l__coffin_bottom_corner_dim=\dimen161
\l__coffin_top_corner_dim=\dimen162
\l__coffin_scaled_total_height_dim=\dimen163
\l__coffin_scaled_width_dim=\dimen164
\c__coffin_empty_coffin=\box55
\l__coffin_display_coffin=\box56
\l__coffin_display_coord_coffin=\box57
\l__coffin_display_pole_coffin=\box58
\l__coffin_display_offset_dim=\dimen165
\l__coffin_display_x_dim=\dimen166
\l__coffin_display_y_dim=\dimen167
\g__char_data_ior=\read1

("C:\Users\david\AppData\Local\Programs\MiKTeX 2.9\tex/latex/l3kernel\l3depreca
tion.def"
File: l3deprecation.def 2019-04-06 v L3 Deprecated functions
))
("C:\Users\david\AppData\Local\Programs\MiKTeX 2.9\tex/latex/l3backend\l3backen
d-pdfmode.def"
File: l3backend-pdfmode.def 2019-04-06 L3 backend support: PDF mode
\l__kernel_color_stack_int=\count199
\l__pdf_internal_box=\box59
))
Package: xparse 2019-10-11 L3 Experimental document command parser
\l__xparse_current_arg_int=\count266
\g__xparse_grabber_int=\count267
\l__xparse_m_args_int=\count268
\l__xparse_v_nesting_int=\count269
)
("C:\Users\david\AppData\Local\Programs\MiKTeX 2.9\tex/latex/l3packages/l3keys2
e\l3keys2e.sty"
Package: l3keys2e 2019-10-11 LaTeX2e option processing using LaTeX3 keys
)
Package: dashundergaps 2020-02-11 vv2.0g Dashing and underlining phantom text
\c@gapnumber=\count270
\c@totalgapnumber=\count271
\l__fmdug_extend_dim=\dimen168
\l__fmdug_gap_min_dim=\dimen169
)
("C:\Users\david\AppData\Local\Programs\MiKTeX 2.9\tex/latex/hyphenat\hyphenat.
sty"
Package: hyphenat 2009/09/02 v2.3c hyphenation utilities
\langwohyphens=\language82
LaTeX Info: Redefining \_ on input line 43.
)
("C:\Users\david\AppData\Local\Programs\MiKTeX 2.9\tex/latex/adjustbox\adjustbo
x.sty"
Package: adjustbox 2019/01/04 v1.2 Adjusting TeX boxes (trim, clip, ...)

("C:\Users\david\AppData\Local\Programs\MiKTeX 2.9\tex/latex/xkeyval\xkeyval.st
y"
Package: xkeyval 2014/12/03 v2.7a package option processing (HA)

("C:\Users\david\AppData\Local\Programs\MiKTeX 2.9\tex/generic/xkeyval\xkeyval.
tex"
("C:\Users\david\AppData\Local\Programs\MiKTeX 2.9\tex/generic/xkeyval\xkvutils
.tex"
\XKV@toks=\toks33
\XKV@tempa@toks=\toks34
)
\XKV@depth=\count272
File: xkeyval.tex 2014/12/03 v2.7a key=value parser (HA)
))
("C:\Users\david\AppData\Local\Programs\MiKTeX 2.9\tex/latex/adjustbox\adjcalc.
sty"
Package: adjcalc 2012/05/16 v1.1 Provides advanced setlength with multiple back
-ends (calc, etex, pgfmath)
)
("C:\Users\david\AppData\Local\Programs\MiKTeX 2.9\tex/latex/adjustbox\trimclip
.sty"
Package: trimclip 2018/04/08 v1.1 Trim and clip general TeX material

("C:\Users\david\AppData\Local\Programs\MiKTeX 2.9\tex/latex/collectbox\collect
box.sty"
Package: collectbox 2012/05/17 v0.4b Collect macro arguments as boxes
\collectedbox=\box60
)
\tc@llx=\dimen170
\tc@lly=\dimen171
\tc@urx=\dimen172
\tc@ury=\dimen173
Package trimclip Info: Using driver 'tc-pdftex.def'.

("C:\Users\david\AppData\Local\Programs\MiKTeX 2.9\tex/latex/adjustbox\tc-pdfte
x.def"
File: tc-pdftex.def 2019/01/04 v2.2 Clipping driver for pdftex
))
\adjbox@Width=\dimen174
\adjbox@Height=\dimen175
\adjbox@Depth=\dimen176
\adjbox@Totalheight=\dimen177
\adjbox@pwidth=\dimen178
\adjbox@pheight=\dimen179
\adjbox@pdepth=\dimen180
\adjbox@ptotalheight=\dimen181

("C:\Users\david\AppData\Local\Programs\MiKTeX 2.9\tex/latex/ifoddpage\ifoddpag
e.sty"
Package: ifoddpage 2016/04/23 v1.1 Conditionals for odd/even page detection
\c@checkoddpage=\count273
)
("C:\Users\david\AppData\Local\Programs\MiKTeX 2.9\tex/latex/varwidth\varwidth.
sty"
Package: varwidth 2009/03/30 ver 0.92;  Variable-width minipages
\@vwid@box=\box61
\sift@deathcycles=\count274
\@vwid@loff=\dimen182
\@vwid@roff=\dimen183
))
("C:\Users\david\AppData\Local\Programs\MiKTeX 2.9\tex/latex/xcolor\xcolor.sty"
Package: xcolor 2016/05/11 v2.12 LaTeX color extensions (UK)

("C:\Users\david\AppData\Local\Programs\MiKTeX 2.9\tex/latex/graphics-cfg\color
.cfg"
File: color.cfg 2016/01/02 v1.6 sample color configuration
)
Package xcolor Info: Driver file: pdftex.def on input line 225.
LaTeX Info: Redefining \color on input line 709.
Package xcolor Info: Model `cmy' substituted by `cmy0' on input line 1348.
Package xcolor Info: Model `hsb' substituted by `rgb' on input line 1352.
Package xcolor Info: Model `RGB' extended on input line 1364.
Package xcolor Info: Model `HTML' substituted by `rgb' on input line 1366.
Package xcolor Info: Model `Hsb' substituted by `hsb' on input line 1367.
Package xcolor Info: Model `tHsb' substituted by `hsb' on input line 1368.
Package xcolor Info: Model `HSB' substituted by `hsb' on input line 1369.
Package xcolor Info: Model `Gray' substituted by `gray' on input line 1370.
Package xcolor Info: Model `wave' substituted by `hsb' on input line 1371.
)
("C:\Users\david\AppData\Local\Programs\MiKTeX 2.9\tex/latex/spverbatim\spverba
tim.sty"
Package: spverbatim 2009/08/10 v1.0 Verbatim with breakable spaces
)
("C:\Users\david\AppData\Local\Programs\MiKTeX 2.9\tex/latex/listings\listings.
sty"
\lst@mode=\count275
\lst@gtempboxa=\box62
\lst@token=\toks35
\lst@length=\count276
\lst@currlwidth=\dimen184
\lst@column=\count277
\lst@pos=\count278
\lst@lostspace=\dimen185
\lst@width=\dimen186
\lst@newlines=\count279
\lst@lineno=\count280
\lst@maxwidth=\dimen187

("C:\Users\david\AppData\Local\Programs\MiKTeX 2.9\tex/latex/listings\lstmisc.s
ty"
File: lstmisc.sty 2019/09/10 1.8c (Carsten Heinz)
\c@lstnumber=\count281
\lst@skipnumbers=\count282
\lst@framebox=\box63
)
("C:\Users\david\AppData\Local\Programs\MiKTeX 2.9\tex/latex/listings\listings.
cfg"
File: listings.cfg 2019/09/10 1.8c listings configuration
))
Package: listings 2019/09/10 1.8c (Carsten Heinz)
Package csquotes Info: Checking for multilingual support...
Package csquotes Info: ... found 'babel' package.
Package csquotes Info: Adjusting default style.
Package csquotes Info: Redefining alias 'default' -> 'portuguese'.
 (relatorio_fase2.aux)
\openout1 = `relatorio_fase2.aux'.

LaTeX Font Info:    Checking defaults for OML/cmm/m/it on input line 51.
LaTeX Font Info:    ... okay on input line 51.
LaTeX Font Info:    Checking defaults for T1/cmr/m/n on input line 51.
LaTeX Font Info:    ... okay on input line 51.
LaTeX Font Info:    Checking defaults for OT1/cmr/m/n on input line 51.
LaTeX Font Info:    ... okay on input line 51.
LaTeX Font Info:    Checking defaults for OMS/cmsy/m/n on input line 51.
LaTeX Font Info:    ... okay on input line 51.
LaTeX Font Info:    Checking defaults for OMX/cmex/m/n on input line 51.
LaTeX Font Info:    ... okay on input line 51.
LaTeX Font Info:    Checking defaults for U/cmr/m/n on input line 51.
LaTeX Font Info:    ... okay on input line 51.
Package caption Info: Begin \AtBeginDocument code.
Package caption Info: float package is loaded.
Package caption Info: listings package is loaded.
Package caption Info: longtable package is loaded.

("C:\Users\david\AppData\Local\Programs\MiKTeX 2.9\tex/latex/caption\ltcaption.
sty"
Package: ltcaption 2018/08/26 v1.4a longtable captions (AR)
)
Package caption Info: End \AtBeginDocument code.

("C:\Users\david\AppData\Local\Programs\MiKTeX 2.9\tex/context/base/mkii\supp-p
df.mkii"
[Loading MPS to PDF converter (version 2006.09.02).]
\scratchcounter=\count283
\scratchdimen=\dimen188
\scratchbox=\box64
\nofMPsegments=\count284
\nofMParguments=\count285
\everyMPshowfont=\toks36
\MPscratchCnt=\count286
\MPscratchDim=\dimen189
\MPnumerator=\count287
\makeMPintoPDFobject=\count288
\everyMPtoPDFconversion=\toks37
)
("C:\Users\david\AppData\Local\Programs\MiKTeX 2.9\tex/latex/oberdiek\epstopdf-
base.sty"
Package: epstopdf-base 2016/05/15 v2.6 Base part for package epstopdf

("C:\Users\david\AppData\Local\Programs\MiKTeX 2.9\tex/latex/oberdiek\grfext.st
y"
Package: grfext 2016/05/16 v1.2 Manage graphics extensions (HO)

("C:\Users\david\AppData\Local\Programs\MiKTeX 2.9\tex/generic/oberdiek\kvdefin
ekeys.sty"
Package: kvdefinekeys 2016/05/16 v1.4 Define keys (HO)
))
("C:\Users\david\AppData\Local\Programs\MiKTeX 2.9\tex/latex/oberdiek\kvoptions
.sty"
Package: kvoptions 2016/05/16 v3.12 Key value format for package options (HO)

("C:\Users\david\AppData\Local\Programs\MiKTeX 2.9\tex/generic/oberdiek\kvsetke
ys.sty"
Package: kvsetkeys 2016/05/16 v1.17 Key value parser (HO)

("C:\Users\david\AppData\Local\Programs\MiKTeX 2.9\tex/generic/oberdiek\etexcmd
s.sty"
Package: etexcmds 2016/05/16 v1.6 Avoid name clashes with e-TeX commands (HO)

("C:\Users\david\AppData\Local\Programs\MiKTeX 2.9\tex/generic/iftex\ifluatex.s
ty"
Package: ifluatex 2019/10/25 v1.5 ifluatex legacy package. Use iftex instead.
))))
("C:\Users\david\AppData\Local\Programs\MiKTeX 2.9\tex/generic/oberdiek\pdftexc
mds.sty"
Package: pdftexcmds 2019/07/25 v0.30 Utility functions of pdfTeX for LuaTeX (HO
)
Package pdftexcmds Info: LuaTeX not detected.
Package pdftexcmds Info: \pdf@primitive is available.
Package pdftexcmds Info: \pdf@ifprimitive is available.
Package pdftexcmds Info: \pdfdraftmode found.
)
Package epstopdf-base Info: Redefining graphics rule for `.eps' on input line 4
41.
Package grfext Info: Graphics extension search list:
(grfext)             [.pdf,.png,.jpg,.mps,.jpeg,.jbig2,.jb2,.PDF,.PNG,.JPG,.JPE
G,.JBIG2,.JB2,.eps]
(grfext)             \AppendGraphicsExtensions on input line 459.
)
\AtBeginShipoutBox=\box65

("C:\Users\david\AppData\Local\Programs\MiKTeX 2.9\tex/latex/oberdiek\pdflscape
.sty"
Package: pdflscape 2016/05/14 v0.11 Display of landscape pages in PDF (HO)

("C:\Users\david\AppData\Local\Programs\MiKTeX 2.9\tex/latex/graphics\lscape.st
y"
Package: lscape 2000/10/22 v3.01 Landscape Pages (DPC)
)
Package pdflscape Info: Auto-detected driver: pdftex on input line 84.

("C:\Users\david\AppData\Local\Programs\MiKTeX 2.9\tex/generic/iftex\ifxetex.st
y"
Package: ifxetex 2019/10/25 v0.7 ifxetex legacy package. Use iftex instead.
))
\c@lstlisting=\count289
<./supportFiles/logo_utad_completo_preto.png, id=1, 803.0pt x 134.5025pt>
File: ./supportFiles/logo_utad_completo_preto.png Graphic file (type png)
<use ./supportFiles/logo_utad_completo_preto.png>
Package pdftex.def Info: ./supportFiles/logo_utad_completo_preto.png  used on i
nput line 58.
(pdftex.def)             Requested size: 361.34666pt x 60.52554pt.
 [1

{C:/Users/david/AppData/Local/MiKTeX/2.9/pdftex/config/pdftex.map} <./supportFi
les/logo_utad_completo_preto.png>] [1] (relatorio_fase2.toc
LaTeX Font Info:    External font `cmex10' loaded for size
(Font)              <12> on input line 6.
LaTeX Font Info:    External font `cmex10' loaded for size
(Font)              <8> on input line 6.
LaTeX Font Info:    External font `cmex10' loaded for size
(Font)              <6> on input line 6.
)
\tf@toc=\write3
\openout3 = `relatorio_fase2.toc'.

 [1

]
Cap\'{\i }tulo 1.
[2

]
Cap\'{\i }tulo 2.
[3

] [4] [5]
Cap\'{\i }tulo 3.
<./supportFiles/diagramaModeloFisicoSQL.png, id=34, 428.35031pt x 432.86719pt>
File: ./supportFiles/diagramaModeloFisicoSQL.png Graphic file (type png)
<use ./supportFiles/diagramaModeloFisicoSQL.png>
Package pdftex.def Info: ./supportFiles/diagramaModeloFisicoSQL.png  used on in
put line 212.
(pdftex.def)             Requested size: 364.09947pt x 367.93884pt.
[6

] [7 <./supportFiles/diagramaModeloFisicoSQL.png>]
Cap\'{\i }tulo 4.
<./supportFiles/1.1-Screen1.png, id=43, 1445.4pt x 903.375pt>
File: ./supportFiles/1.1-Screen1.png Graphic file (type png)
<use ./supportFiles/1.1-Screen1.png>
Package pdftex.def Info: ./supportFiles/1.1-Screen1.png  used on input line 237
.
(pdftex.def)             Requested size: 361.34912pt x 225.8432pt.
[8

]
<./supportFiles/2.1-Screen2.png, id=48, 1445.4pt x 903.375pt>
File: ./supportFiles/2.1-Screen2.png Graphic file (type png)
<use ./supportFiles/2.1-Screen2.png>
Package pdftex.def Info: ./supportFiles/2.1-Screen2.png  used on input line 244
.
(pdftex.def)             Requested size: 361.34912pt x 225.8432pt.
<./supportFiles/3.1-Screen3.png, id=49, 1445.4pt x 903.375pt>
File: ./supportFiles/3.1-Screen3.png Graphic file (type png)
<use ./supportFiles/3.1-Screen3.png>
Package pdftex.def Info: ./supportFiles/3.1-Screen3.png  used on input line 251
.
(pdftex.def)             Requested size: 361.34912pt x 225.8432pt.
 [9 <./supportFiles/1.1-Screen1.png> <./supportFiles/2.1-Screen2.png>]
<./supportFiles/7.1-Screen4.png, id=54, 1445.4pt x 903.375pt>
File: ./supportFiles/7.1-Screen4.png Graphic file (type png)
<use ./supportFiles/7.1-Screen4.png>
Package pdftex.def Info: ./supportFiles/7.1-Screen4.png  used on input line 258
.
(pdftex.def)             Requested size: 361.34912pt x 225.8432pt.
<./supportFiles/8.1-Screen5.png, id=55, 1445.4pt x 903.375pt>
File: ./supportFiles/8.1-Screen5.png Graphic file (type png)
<use ./supportFiles/8.1-Screen5.png>
Package pdftex.def Info: ./supportFiles/8.1-Screen5.png  used on input line 265
.
(pdftex.def)             Requested size: 361.34912pt x 225.8432pt.

[10 <./supportFiles/3.1-Screen3.png> <./supportFiles/7.1-Screen4.png>]
<./supportFiles/9.1-Screen6.png, id=59, 1445.4pt x 903.375pt>
File: ./supportFiles/9.1-Screen6.png Graphic file (type png)
<use ./supportFiles/9.1-Screen6.png>
Package pdftex.def Info: ./supportFiles/9.1-Screen6.png  used on input line 272
.
(pdftex.def)             Requested size: 361.34912pt x 225.8432pt.
<./supportFiles/10.1-Screen7.png, id=60, 1445.4pt x 903.375pt>
File: ./supportFiles/10.1-Screen7.png Graphic file (type png)
<use ./supportFiles/10.1-Screen7.png>
Package pdftex.def Info: ./supportFiles/10.1-Screen7.png  used on input line 27
9.
(pdftex.def)             Requested size: 361.34912pt x 225.8432pt.
 [11 <./supportFiles/8.1-Screen5.png> <./supportFiles/9.1-Screen6.png>]
<./supportFiles/6.1-Screen12.png, id=65, 1445.4pt x 903.375pt>
File: ./supportFiles/6.1-Screen12.png Graphic file (type png)
<use ./supportFiles/6.1-Screen12.png>
Package pdftex.def Info: ./supportFiles/6.1-Screen12.png  used on input line 28
6.
(pdftex.def)             Requested size: 361.34912pt x 225.8432pt.
<./supportFiles/11.1-Screen8.png, id=66, 1445.4pt x 903.375pt>
File: ./supportFiles/11.1-Screen8.png Graphic file (type png)
<use ./supportFiles/11.1-Screen8.png>
Package pdftex.def Info: ./supportFiles/11.1-Screen8.png  used on input line 29
3.
(pdftex.def)             Requested size: 361.34912pt x 225.8432pt.
 [12 <./supportFiles/10.1-Screen7.png> <./supportFiles/6.1-Screen12.png>]
<./supportFiles/12.1-Screen9.png, id=70, 1445.4pt x 903.375pt>
File: ./supportFiles/12.1-Screen9.png Graphic file (type png)
<use ./supportFiles/12.1-Screen9.png>
Package pdftex.def Info: ./supportFiles/12.1-Screen9.png  used on input line 30
0.
(pdftex.def)             Requested size: 361.34912pt x 225.8432pt.
<./supportFiles/4.1-Screen10.png, id=71, 1445.4pt x 903.375pt>
File: ./supportFiles/4.1-Screen10.png Graphic file (type png)
<use ./supportFiles/4.1-Screen10.png>
Package pdftex.def Info: ./supportFiles/4.1-Screen10.png  used on input line 30
7.
(pdftex.def)             Requested size: 361.34912pt x 225.8432pt.
 [13 <./supportFiles/11.1-Screen8.png> <./supportFiles/12.1-Screen9.png>]
<./supportFiles/5.1-Screen11.png, id=75, 1445.4pt x 903.375pt>
File: ./supportFiles/5.1-Screen11.png Graphic file (type png)
<use ./supportFiles/5.1-Screen11.png>
Package pdftex.def Info: ./supportFiles/5.1-Screen11.png  used on input line 31
4.
(pdftex.def)             Requested size: 361.34912pt x 225.8432pt.
<./supportFiles/6.1-Screen13.png, id=76, 1445.4pt x 903.375pt>
File: ./supportFiles/6.1-Screen13.png Graphic file (type png)
<use ./supportFiles/6.1-Screen13.png>
Package pdftex.def Info: ./supportFiles/6.1-Screen13.png  used on input line 32
2.
(pdftex.def)             Requested size: 361.34912pt x 225.8432pt.
 [14 <./supportFiles/4.1-Screen10.png> <./supportFiles/5.1-Screen11.png>]
<./supportFiles/14.1-Screen14.png, id=80, 1445.4pt x 903.375pt>
File: ./supportFiles/14.1-Screen14.png Graphic file (type png)
<use ./supportFiles/14.1-Screen14.png>
Package pdftex.def Info: ./supportFiles/14.1-Screen14.png  used on input line 3
29.
(pdftex.def)             Requested size: 361.34912pt x 225.8432pt.
<./supportFiles/15.1-Screen15.png, id=81, 1445.4pt x 903.375pt>
File: ./supportFiles/15.1-Screen15.png Graphic file (type png)
<use ./supportFiles/15.1-Screen15.png>
Package pdftex.def Info: ./supportFiles/15.1-Screen15.png  used on input line 3
36.
(pdftex.def)             Requested size: 361.34912pt x 225.8432pt.
 [15 <./supportFiles/6.1-Screen13.png> <./supportFiles/14.1-Screen14.png>]
<./supportFiles/16.1-Screen16.png, id=85, 1445.4pt x 903.375pt>
File: ./supportFiles/16.1-Screen16.png Graphic file (type png)
<use ./supportFiles/16.1-Screen16.png>
Package pdftex.def Info: ./supportFiles/16.1-Screen16.png  used on input line 3
43.
(pdftex.def)             Requested size: 361.34912pt x 225.8432pt.
<./supportFiles/1.1-Menu_principal_restaurante.png, id=86, 1445.4pt x 903.375pt
>
File: ./supportFiles/1.1-Menu_principal_restaurante.png Graphic file (type png)

<use ./supportFiles/1.1-Menu_principal_restaurante.png>
Package pdftex.def Info: ./supportFiles/1.1-Menu_principal_restaurante.png  use
d on input line 358.
(pdftex.def)             Requested size: 361.34912pt x 225.8432pt.
 [16 <./supportFiles/15.1-Screen15.png> <./supportFiles/16.1-Screen16.png>]
<./supportFiles/2.1-Area_restaurante.png, id=90, 1445.4pt x 903.375pt>
File: ./supportFiles/2.1-Area_restaurante.png Graphic file (type png)
<use ./supportFiles/2.1-Area_restaurante.png>
Package pdftex.def Info: ./supportFiles/2.1-Area_restaurante.png  used on input
 line 365.
(pdftex.def)             Requested size: 361.34912pt x 225.8432pt.
 [17 <./supportFiles/1.1-Menu_principal_restaurante.png>]
<./supportFiles/3.1-Dados_Pessoais_restaurante.png, id=95, 1445.4pt x 903.375pt
>
File: ./supportFiles/3.1-Dados_Pessoais_restaurante.png Graphic file (type png)

<use ./supportFiles/3.1-Dados_Pessoais_restaurante.png>
Package pdftex.def Info: ./supportFiles/3.1-Dados_Pessoais_restaurante.png  use
d on input line 372.
(pdftex.def)             Requested size: 361.34912pt x 225.8432pt.
<./supportFiles/4.1-Editar_Dados_restaurante_1.png, id=96, 1445.4pt x 903.375pt
>
File: ./supportFiles/4.1-Editar_Dados_restaurante_1.png Graphic file (type png)

<use ./supportFiles/4.1-Editar_Dados_restaurante_1.png>
Package pdftex.def Info: ./supportFiles/4.1-Editar_Dados_restaurante_1.png  use
d on input line 379.
(pdftex.def)             Requested size: 361.34912pt x 225.8432pt.
 [18 <./supportFiles/2.1-Area_restaurante.png> <./supportFiles/3.1-Dados_Pessoa
is_restaurante.png>]
<./supportFiles/5.1-Edtiar_Dados_restaurante_2.png, id=100, 1445.4pt x 903.375p
t>
File: ./supportFiles/5.1-Edtiar_Dados_restaurante_2.png Graphic file (type png)

<use ./supportFiles/5.1-Edtiar_Dados_restaurante_2.png>
Package pdftex.def Info: ./supportFiles/5.1-Edtiar_Dados_restaurante_2.png  use
d on input line 386.
(pdftex.def)             Requested size: 361.34912pt x 225.8432pt.
<./supportFiles/6.1-Pratos_Dia_Ativos_restaurante_1.png, id=101, 1445.4pt x 903
.375pt>
File: ./supportFiles/6.1-Pratos_Dia_Ativos_restaurante_1.png Graphic file (type
 png)
<use ./supportFiles/6.1-Pratos_Dia_Ativos_restaurante_1.png>
Package pdftex.def Info: ./supportFiles/6.1-Pratos_Dia_Ativos_restaurante_1.png
  used on input line 393.
(pdftex.def)             Requested size: 361.34912pt x 225.8432pt.
 [19 <./supportFiles/4.1-Editar_Dados_restaurante_1.png> <./supportFiles/5.1-Ed
tiar_Dados_restaurante_2.png>]
<./supportFiles/9.1-Pratos_Dia_Ativos_Editar_restaurante.png, id=105, 1445.4pt 
x 903.375pt>
File: ./supportFiles/9.1-Pratos_Dia_Ativos_Editar_restaurante.png Graphic file 
(type png)
<use ./supportFiles/9.1-Pratos_Dia_Ativos_Editar_restaurante.png>
Package pdftex.def Info: ./supportFiles/9.1-Pratos_Dia_Ativos_Editar_restaurant
e.png  used on input line 401.
(pdftex.def)             Requested size: 361.34912pt x 225.8432pt.
<./supportFiles/10.1-Prato_Historico_restaurante.png, id=106, 1445.4pt x 903.37
5pt>
File: ./supportFiles/10.1-Prato_Historico_restaurante.png Graphic file (type pn
g)
<use ./supportFiles/10.1-Prato_Historico_restaurante.png>
Package pdftex.def Info: ./supportFiles/10.1-Prato_Historico_restaurante.png  u
sed on input line 408.
(pdftex.def)             Requested size: 361.34912pt x 225.8432pt.
 [20 <./supportFiles/6.1-Pratos_Dia_Ativos_restaurante_1.png> <./supportFiles/9
.1-Pratos_Dia_Ativos_Editar_restaurante.png>]
<./supportFiles/12.1-Area_Administrador.png, id=110, 1445.4pt x 903.375pt>
File: ./supportFiles/12.1-Area_Administrador.png Graphic file (type png)
<use ./supportFiles/12.1-Area_Administrador.png>
Package pdftex.def Info: ./supportFiles/12.1-Area_Administrador.png  used on in
put line 417.
(pdftex.def)             Requested size: 361.34912pt x 225.8432pt.
 [21 <./supportFiles/10.1-Prato_Historico_restaurante.png>]
<./supportFiles/13.1-Dados_Pessoais_Administrador.png, id=114, 1445.4pt x 903.3
75pt>
File: ./supportFiles/13.1-Dados_Pessoais_Administrador.png Graphic file (type p
ng)
<use ./supportFiles/13.1-Dados_Pessoais_Administrador.png>
Package pdftex.def Info: ./supportFiles/13.1-Dados_Pessoais_Administrador.png  
used on input line 424.
(pdftex.def)             Requested size: 361.34912pt x 225.8432pt.
 [22 <./supportFiles/12.1-Area_Administrador.png>]
<./supportFiles/14.1-Pedidos_Restaurante_Administrador.png, id=118, 1445.4pt x 
903.375pt>
File: ./supportFiles/14.1-Pedidos_Restaurante_Administrador.png Graphic file (t
ype png)
<use ./supportFiles/14.1-Pedidos_Restaurante_Administrador.png>
Package pdftex.def Info: ./supportFiles/14.1-Pedidos_Restaurante_Administrador.
png  used on input line 431.
(pdftex.def)             Requested size: 361.34912pt x 225.8432pt.
<./supportFiles/15.1-Pedidos_Restaurante_Consultar_Administrador_1.png, id=119,
 1445.4pt x 903.375pt>
File: ./supportFiles/15.1-Pedidos_Restaurante_Consultar_Administrador_1.png Gra
phic file (type png)
<use ./supportFiles/15.1-Pedidos_Restaurante_Consultar_Administrador_1.png>
Package pdftex.def Info: ./supportFiles/15.1-Pedidos_Restaurante_Consultar_Admi
nistrador_1.png  used on input line 438.
(pdftex.def)             Requested size: 361.34912pt x 225.8432pt.
 [23 <./supportFiles/13.1-Dados_Pessoais_Administrador.png> <./supportFiles/14.
1-Pedidos_Restaurante_Administrador.png>]
<./supportFiles/16.1-Pedidos_Restaurante_Consultar_Administrador_2.png, id=124,
 1445.4pt x 903.375pt>
File: ./supportFiles/16.1-Pedidos_Restaurante_Consultar_Administrador_2.png Gra
phic file (type png)
<use ./supportFiles/16.1-Pedidos_Restaurante_Consultar_Administrador_2.png>
Package pdftex.def Info: ./supportFiles/16.1-Pedidos_Restaurante_Consultar_Admi
nistrador_2.png  used on input line 446.
(pdftex.def)             Requested size: 361.34912pt x 225.8432pt.
<./supportFiles/17.1-Pedidos_Restaurante_Consultar_Administrador_3.png, id=125,
 1445.4pt x 903.375pt>
File: ./supportFiles/17.1-Pedidos_Restaurante_Consultar_Administrador_3.png Gra
phic file (type png)
<use ./supportFiles/17.1-Pedidos_Restaurante_Consultar_Administrador_3.png>
Package pdftex.def Info: ./supportFiles/17.1-Pedidos_Restaurante_Consultar_Admi
nistrador_3.png  used on input line 453.
(pdftex.def)             Requested size: 361.34912pt x 225.8432pt.
 [24 <./supportFiles/15.1-Pedidos_Restaurante_Consultar_Administrador_1.png> <.
/supportFiles/16.1-Pedidos_Restaurante_Consultar_Administrador_2.png>]
<./supportFiles/18.1-Gerir_Utilizadores_Administrador_1.png, id=129, 1445.4pt x
 903.375pt>
File: ./supportFiles/18.1-Gerir_Utilizadores_Administrador_1.png Graphic file (
type png)
<use ./supportFiles/18.1-Gerir_Utilizadores_Administrador_1.png>
Package pdftex.def Info: ./supportFiles/18.1-Gerir_Utilizadores_Administrador_1
.png  used on input line 460.
(pdftex.def)             Requested size: 361.34912pt x 225.8432pt.
<./supportFiles/20.1-Gerir_Utilizadores_restaurante_Administrador_1.png, id=130
, 1445.4pt x 903.375pt>
File: ./supportFiles/20.1-Gerir_Utilizadores_restaurante_Administrador_1.png Gr
aphic file (type png)
<use ./supportFiles/20.1-Gerir_Utilizadores_restaurante_Administrador_1.png>
Package pdftex.def Info: ./supportFiles/20.1-Gerir_Utilizadores_restaurante_Adm
inistrador_1.png  used on input line 468.
(pdftex.def)             Requested size: 361.34912pt x 225.8432pt.
 [25 <./supportFiles/17.1-Pedidos_Restaurante_Consultar_Administrador_3.png> <.
/supportFiles/18.1-Gerir_Utilizadores_Administrador_1.png>]
<./supportFiles/22.1-Criar_Novo_Administrador.png, id=134, 1445.4pt x 903.375pt
>
File: ./supportFiles/22.1-Criar_Novo_Administrador.png Graphic file (type png)
<use ./supportFiles/22.1-Criar_Novo_Administrador.png>
Package pdftex.def Info: ./supportFiles/22.1-Criar_Novo_Administrador.png  used
 on input line 476.
(pdftex.def)             Requested size: 361.34912pt x 225.8432pt.

[26 <./supportFiles/20.1-Gerir_Utilizadores_restaurante_Administrador_1.png> <.
/supportFiles/22.1-Criar_Novo_Administrador.png>]
Cap\'{\i }tulo 5.
[27

]
Cap\'{\i }tulo 6.
[28

]
Cap\'{\i }tulo 7.
LaTeX Font Info:    Trying to load font information for T1+cmtt on input line 5
16.
("C:\Users\david\AppData\Local\Programs\MiKTeX 2.9\tex/latex/base\t1cmtt.fd"
File: t1cmtt.fd 2014/09/29 v2.5h Standard LaTeX font definitions
)
[29

] [30] [31] [32] (relatorio_fase2.aux) ) 
Here is how much of TeX's memory you used:
 19726 strings out of 492450
 353144 string characters out of 3120004
 477191 words of memory out of 3000000
 23819 multiletter control sequences out of 15000+200000
 546274 words of font info for 50 fonts, out of 3000000 for 9000
 1141 hyphenation exceptions out of 8191
 52i,7n,77p,824b,1591s stack positions out of 5000i,500n,10000p,200000b,50000s
 <C:\Users\david\AppData\Local\MiKTeX\2
.9\fonts/pk/ljfour/jknappen/ec/dpi600\ectt1095.pk> <C:\Users\david\AppData\Loca
l\MiKTeX\2.9\fonts/pk/ljfour/jknappen/ec/dpi600\ecrm0600.pk> <C:\Users\david\Ap
pData\Local\MiKTeX\2.9\fonts/pk/ljfour/jknappen/ec/dpi600\ecbx1728.pk> <C:\User
s\david\AppData\Local\MiKTeX\2.9\fonts/pk/ljfour/jknappen/ec/dpi600\ecbi2488.pk
> <C:\Users\david\AppData\Local\MiKTeX\2.9\fonts/pk/ljfour/jknappen/ec/dpi600\e
cti1000.pk> <C:\Users\david\AppData\Local\MiKTeX\2.9\fonts/pk/ljfour/jknappen/e
c/dpi600\ecbi1200.pk> <C:\Users\david\AppData\Local\MiKTeX\2.9\fonts/pk/ljfour/
jknappen/ec/dpi600\ecti1200.pk> <C:\Users\david\AppData\Local\MiKTeX\2.9\fonts/
pk/ljfour/jknappen/ec/dpi600\ecrm1200.pk> <C:\Users\david\AppData\Local\MiKTeX\
2.9\fonts/pk/ljfour/jknappen/ec/dpi600\ecbx1200.pk> <C:\Users\david\AppData\Loc
al\MiKTeX\2.9\fonts/pk/ljfour/jknappen/ec/dpi600\ecrm1440.pk> <C:\Users\david\A
ppData\Local\MiKTeX\2.9\fonts/pk/ljfour/jknappen/ec/dpi600\ecrm1728.pk> <C:\Use
rs\david\AppData\Local\MiKTeX\2.9\fonts/pk/ljfour/jknappen/ec/dpi600\ecbx2488.p
k>
Output written on relatorio_fase2.pdf (34 pages, 7655763 bytes).
PDF statistics:
 612 PDF objects out of 1000 (max. 8388607)
 0 named destinations out of 1000 (max. 500000)
 176 words of extra memory for PDF output out of 10000 (max. 10000000)

